<?xml version="1.0" encoding="UTF-8"?>
<!-- Generated by org.testng.reporters.JUnitReportReporter -->
<testsuite hostname="Shwethas-MacBook-Pro.local" failures="1" tests="5" name="parallel.ParallelRun" time="30.236" errors="0" timestamp="7 Jun 2022 23:49:55 GMT">
  <testcase classname="parallel.ParallelRun" name="runScenario" time="6.071"/>
  <testcase classname="parallel.ParallelRun" name="runScenario" time="4.806"/>
  <testcase classname="parallel.ParallelRun" name="runScenario" time="7.111">
    <failure type="java.lang.AssertionError">
      <![CDATA[java.lang.AssertionError
	at org.junit.Assert.fail(Assert.java:87)
	at org.junit.Assert.assertTrue(Assert.java:42)
	at org.junit.Assert.assertTrue(Assert.java:53)
	at parallel.LoginPageSteps.page_title_should_be(LoginPageSteps.java:34)
	at âœ½.page title should be "Time Complexity"(classpath:parallel/HomePage.feature:24)
]]>
    </failure>
  </testcase> <!-- runScenario -->
  <testcase classname="parallel.ParallelRun" name="runScenario" time="5.967"/>
  <testcase classname="parallel.ParallelRun" name="runScenario" time="6.281"/>
</testsuite> <!-- parallel.ParallelRun -->
